<?xml version="1.0" encoding="UTF-8"?>
<testsuite xmlns:xsi="http://www.w3.org/2001/XMLSchema-instance" xsi:noNamespaceSchemaLocation="https://maven.apache.org/surefire/maven-surefire-plugin/xsd/surefire-test-report.xsd" version="3.0.2" name="com.koitex.koitex.KoitexApplicationTests" time="12.369" tests="1" errors="0" skipped="0" failures="0">
  <properties>
[...]
</properties>
  <testcase name="contextLoads" classname="com.koitex.koitex.KoitexApplicationTests" time="0.78">
    <system-out><![CDATA[13:15:45.742 [main] INFO org.springframework.test.context.support.AnnotationConfigContextLoaderUtils -- Could not detect default configuration classes for test class [com.koitex.koitex.KoitexApplicationTests]: KoitexApplicationTests does not declare any static, non-private, non-final, nested classes annotated with @Configuration.
13:15:45.954 [main] INFO org.springframework.boot.test.context.SpringBootTestContextBootstrapper -- Found @SpringBootConfiguration com.koitex.koitex.KoitexApplication for test class com.koitex.koitex.KoitexApplicationTests

  .   ____          _            __ _ _
 /\\ / ___'_ __ _ _(_)_ __  __ _ \ \ \ \
( ( )\___ | '_ | '_| | '_ \/ _` | \ \ \ \
 \\/  ___)| |_)| | | | | || (_| |  ) ) ) )
  '  |____| .__|_| |_|_| |_\__, | / / / /
 =========|_|==============|___/=/_/_/_/

 :: Spring Boot ::                (v3.5.0)

2025-05-23T13:15:46.872+09:00  INFO 2040 --- [koitex] [           main] c.koitex.koitex.KoitexApplicationTests   : Starting KoitexApplicationTests using Java 21.0.7 with PID 2040 (started by zetta in D:\Project\Zetta_Git\koitex)
2025-05-23T13:15:46.877+09:00  INFO 2040 --- [koitex] [           main] c.koitex.koitex.KoitexApplicationTests   : No active profile set, falling back to 1 default profile: "default"
2025-05-23T13:15:48.668+09:00  INFO 2040 --- [koitex] [           main] .s.d.r.c.RepositoryConfigurationDelegate : Bootstrapping Spring Data JPA repositories in DEFAULT mode.
2025-05-23T13:15:48.786+09:00  INFO 2040 --- [koitex] [           main] .s.d.r.c.RepositoryConfigurationDelegate : Finished Spring Data repository scanning in 100 ms. Found 2 JPA repository interfaces.
2025-05-23T13:15:49.562+09:00  INFO 2040 --- [koitex] [           main] o.hibernate.jpa.internal.util.LogHelper  : HHH000204: Processing PersistenceUnitInfo [name: default]
2025-05-23T13:15:49.687+09:00  INFO 2040 --- [koitex] [           main] org.hibernate.Version                    : HHH000412: Hibernate ORM core version 6.6.15.Final
2025-05-23T13:15:49.755+09:00  INFO 2040 --- [koitex] [           main] o.h.c.internal.RegionFactoryInitiator    : HHH000026: Second-level cache disabled
2025-05-23T13:15:50.381+09:00  INFO 2040 --- [koitex] [           main] o.s.o.j.p.SpringPersistenceUnitInfo      : No LoadTimeWeaver setup: ignoring JPA class transformer
2025-05-23T13:15:50.465+09:00  INFO 2040 --- [koitex] [           main] com.zaxxer.hikari.HikariDataSource       : HikariPool-1 - Starting...
2025-05-23T13:15:50.871+09:00  INFO 2040 --- [koitex] [           main] com.zaxxer.hikari.pool.HikariPool        : HikariPool-1 - Added connection com.mysql.cj.jdbc.ConnectionImpl@eded048
2025-05-23T13:15:50.876+09:00  INFO 2040 --- [koitex] [           main] com.zaxxer.hikari.HikariDataSource       : HikariPool-1 - Start completed.
2025-05-23T13:15:51.013+09:00  WARN 2040 --- [koitex] [           main] org.hibernate.orm.deprecation            : HHH90000025: MySQL8Dialect does not need to be specified explicitly using 'hibernate.dialect' (remove the property setting and it will be selected by default)
2025-05-23T13:15:51.015+09:00  WARN 2040 --- [koitex] [           main] org.hibernate.orm.deprecation            : HHH90000026: MySQL8Dialect has been deprecated; use org.hibernate.dialect.MySQLDialect instead
2025-05-23T13:15:51.055+09:00  INFO 2040 --- [koitex] [           main] org.hibernate.orm.connections.pooling    : HHH10001005: Database info:
	Database JDBC URL [Connecting through datasource 'HikariDataSource (HikariPool-1)']
	Database driver: undefined/unknown
	Database version: 8.0
	Autocommit mode: undefined/unknown
	Isolation level: undefined/unknown
	Minimum pool size: undefined/unknown
	Maximum pool size: undefined/unknown
2025-05-23T13:15:52.483+09:00  INFO 2040 --- [koitex] [           main] o.h.e.t.j.p.i.JtaPlatformInitiator       : HHH000489: No JTA platform available (set 'hibernate.transaction.jta.platform' to enable JTA platform integration)
2025-05-23T13:15:52.557+09:00 DEBUG 2040 --- [koitex] [           main] org.hibernate.SQL                        : 
    alter table notice 
       modify column id bigint not null auto_increment
Hibernate: 
    alter table notice 
       modify column id bigint not null auto_increment
2025-05-23T13:15:52.754+09:00 DEBUG 2040 --- [koitex] [           main] org.hibernate.SQL                        : 
    alter table notice 
       add column author varchar(50) not null
Hibernate: 
    alter table notice 
       add column author varchar(50) not null
2025-05-23T13:15:52.770+09:00 DEBUG 2040 --- [koitex] [           main] org.hibernate.SQL                        : 
    alter table notice 
       add column content TEXT
Hibernate: 
    alter table notice 
       add column content TEXT
2025-05-23T13:15:52.787+09:00 DEBUG 2040 --- [koitex] [           main] org.hibernate.SQL                        : 
    alter table notice 
       add column created_date datetime(6)
Hibernate: 
    alter table notice 
       add column created_date datetime(6)
2025-05-23T13:15:52.800+09:00 DEBUG 2040 --- [koitex] [           main] org.hibernate.SQL                        : 
    alter table notice 
       add column title varchar(200) not null
Hibernate: 
    alter table notice 
       add column title varchar(200) not null
2025-05-23T13:15:52.816+09:00 DEBUG 2040 --- [koitex] [           main] org.hibernate.SQL                        : 
    alter table notice 
       add column updated_date datetime(6)
Hibernate: 
    alter table notice 
       add column updated_date datetime(6)
2025-05-23T13:15:52.832+09:00 DEBUG 2040 --- [koitex] [           main] org.hibernate.SQL                        : 
    alter table notice 
       add column view_count integer
Hibernate: 
    alter table notice 
       add column view_count integer
2025-05-23T13:15:52.854+09:00 DEBUG 2040 --- [koitex] [           main] org.hibernate.SQL                        : 
    alter table qna 
       modify column id bigint not null auto_increment
Hibernate: 
    alter table qna 
       modify column id bigint not null auto_increment
2025-05-23T13:15:52.953+09:00 DEBUG 2040 --- [koitex] [           main] org.hibernate.SQL                        : 
    alter table qna 
       add column answer TEXT
Hibernate: 
    alter table qna 
       add column answer TEXT
2025-05-23T13:15:53.017+09:00 DEBUG 2040 --- [koitex] [           main] org.hibernate.SQL                        : 
    alter table qna 
       add column answer_date datetime(6)
Hibernate: 
    alter table qna 
       add column answer_date datetime(6)
2025-05-23T13:15:53.067+09:00 DEBUG 2040 --- [koitex] [           main] org.hibernate.SQL                        : 
    alter table qna 
       add column author varchar(50) not null
Hibernate: 
    alter table qna 
       add column author varchar(50) not null
2025-05-23T13:15:53.120+09:00 DEBUG 2040 --- [koitex] [           main] org.hibernate.SQL                        : 
    alter table qna 
       add column content TEXT
Hibernate: 
    alter table qna 
       add column content TEXT
2025-05-23T13:15:53.173+09:00 DEBUG 2040 --- [koitex] [           main] org.hibernate.SQL                        : 
    alter table qna 
       add column created_date datetime(6)
Hibernate: 
    alter table qna 
       add column created_date datetime(6)
2025-05-23T13:15:53.282+09:00 DEBUG 2040 --- [koitex] [           main] org.hibernate.SQL                        : 
    alter table qna 
       add column is_answered bit
Hibernate: 
    alter table qna 
       add column is_answered bit
2025-05-23T13:15:53.344+09:00 DEBUG 2040 --- [koitex] [           main] org.hibernate.SQL                        : 
    alter table qna 
       add column title varchar(200) not null
Hibernate: 
    alter table qna 
       add column title varchar(200) not null
2025-05-23T13:15:53.404+09:00 DEBUG 2040 --- [koitex] [           main] org.hibernate.SQL                        : 
    alter table qna 
       add column updated_date datetime(6)
Hibernate: 
    alter table qna 
       add column updated_date datetime(6)
2025-05-23T13:15:53.450+09:00 DEBUG 2040 --- [koitex] [           main] org.hibernate.SQL                        : 
    alter table qna 
       add column view_count integer
Hibernate: 
    alter table qna 
       add column view_count integer
2025-05-23T13:15:53.530+09:00  INFO 2040 --- [koitex] [           main] j.LocalContainerEntityManagerFactoryBean : Initialized JPA EntityManagerFactory for persistence unit 'default'
2025-05-23T13:15:54.132+09:00  INFO 2040 --- [koitex] [           main] o.s.d.j.r.query.QueryEnhancerFactory     : Hibernate is in classpath; If applicable, HQL parser will be used.
2025-05-23T13:15:55.801+09:00  WARN 2040 --- [koitex] [           main] JpaBaseConfiguration$JpaWebConfiguration : spring.jpa.open-in-view is enabled by default. Therefore, database queries may be performed during view rendering. Explicitly configure spring.jpa.open-in-view to disable this warning
2025-05-23T13:15:57.008+09:00  INFO 2040 --- [koitex] [           main] c.koitex.koitex.KoitexApplicationTests   : Started KoitexApplicationTests in 10.768 seconds (process running for 12.831)
]]></system-out>
    <system-err><![CDATA[Mockito is currently self-attaching to enable the inline-mock-maker. This will no longer work in future releases of the JDK. Please add Mockito as an agent to your build as described in Mockito's documentation: https://javadoc.io/doc/org.mockito/mockito-core/latest/org.mockito/org/mockito/Mockito.html#0.3
WARNING: A Java agent has been loaded dynamically (C:\Users\zetta\.m2\repository\net\bytebuddy\byte-buddy-agent\1.17.5\byte-buddy-agent-1.17.5.jar)
WARNING: If a serviceability tool is in use, please run with -XX:+EnableDynamicAgentLoading to hide this warning
WARNING: If a serviceability tool is not in use, please run with -Djdk.instrument.traceUsage for more information
WARNING: Dynamic loading of agents will be disallowed by default in a future release
]]></system-err>
  </testcase>
</testsuite>